<<<<<<< HEAD
***************************************************************************************************
Started processing at [02/12/2025 15:37:23].
***************************************************************************************************

Running script version [1.5].

***************************************************************************************************

Starting script.
Importing Required modules
ActiveDirectory
Starting script.
=======
***************************************************************************************************
Started processing at [02/12/2025 15:37:23].
***************************************************************************************************

Running script version [1.5].

***************************************************************************************************

Starting script.
Importing Required modules
ActiveDirectory
Starting script.
>>>>>>> be44196b159209d1aaeb653fb965a159a27ed321
