<<<<<<< HEAD
Starting script.
Importing Required modules
ActiveDirectory
Starting script.


=======================

Ending Export-GPOReports.ps1 script.
3.0091423 seconds
0.0501523716666667 minutes
LogPath : S:\AD\Audit
LogFile : S:\AD\Audit\Logs\Export-GPOReports-20250212-153022.log
Datafile : S:\AD\Audit\Report\Export-GPOReports-20250212-153022.csv

***************************************************************************************************
Finished processing at [02/12/2025 15:30:25].
***************************************************************************************************
=======
Starting script.
Importing Required modules
ActiveDirectory
Starting script.


=======================

Ending Export-GPOReports.ps1 script.
3.0091423 seconds
0.0501523716666667 minutes
LogPath : S:\AD\Audit
LogFile : S:\AD\Audit\Logs\Export-GPOReports-20250212-153022.log
Datafile : S:\AD\Audit\Report\Export-GPOReports-20250212-153022.csv

***************************************************************************************************
Finished processing at [02/12/2025 15:30:25].
***************************************************************************************************
>>>>>>> be44196b159209d1aaeb653fb965a159a27ed321
