<<<<<<< HEAD
***************************************************************************************************
Started processing at [02/12/2025 15:47:18].
***************************************************************************************************

Running script version [1.5].

***************************************************************************************************

Starting script.
Importing Required modules
ActiveDirectory
Starting script.


=======================

Ending Export-GPOReports.ps1 script.
22.88113 seconds
0.381352166666667 minutes
LogPath : S:\AD\Audit\Logs\
LogFile : S:\AD\Audit\Logs\Export-GPOReports-20250212-154716.log
Datafile : S:\AD\Audit\Report\Export-GPOReports-20250212-154716.csv

***************************************************************************************************
Finished processing at [02/12/2025 15:47:40].
***************************************************************************************************
=======
***************************************************************************************************
Started processing at [02/12/2025 15:47:18].
***************************************************************************************************

Running script version [1.5].

***************************************************************************************************

Starting script.
Importing Required modules
ActiveDirectory
Starting script.


=======================

Ending Export-GPOReports.ps1 script.
22.88113 seconds
0.381352166666667 minutes
LogPath : S:\AD\Audit\Logs\
LogFile : S:\AD\Audit\Logs\Export-GPOReports-20250212-154716.log
Datafile : S:\AD\Audit\Report\Export-GPOReports-20250212-154716.csv

***************************************************************************************************
Finished processing at [02/12/2025 15:47:40].
***************************************************************************************************
>>>>>>> be44196b159209d1aaeb653fb965a159a27ed321
