***************************************************************************************************
Started processing at [04/13/2025 16:00:57].
***************************************************************************************************

Running script version [1.0.8].

***************************************************************************************************

Starting script.

	Server: HPELITEDESK
	ScriptPath: E:\DevOps\GitHub-Public\Public\HEVC Conversion
	ScriptName: StreamShift_1.0.9.ps1


=======================
Starting Processing
[INFO] The PowerShell script scans a directory and its subdirectories for non-HEVC 720p video files, renames them and converts any MP4 files to MKV, then re-encodes the videos using the x265 HEVC codec and a medium preset with a 23 quality.

[INFO] Script Version: 1.0.8

[INFO] Log: StreamShift_1.0.9-20250413-160050.log


=======================
VideoFile FullName: \\pvr\Series\Boston Legal\Season 01\S1E01 - Head Cases.mkv

HEVC: False

Converting file
Renaming Original file
Re-encoding file
[INFO] \\pvr\Series\Boston Legal\Season 01\S1E01 - Head Cases.mkv has been re-encoded as \\pvr\Series\Boston Legal\Season 01\S1E01 - Head Cases_converted.mkv
Processing Time: 0 hours, 0 minutes, and 0 seconds. 


=======================
VideoFile FullName: \\pvr\Series\Boston Legal\Season 01\S1E02 - Still Crazy After All These Years.mkv

HEVC: False

Converting file
Renaming Original file
Re-encoding file
[INFO] \\pvr\Series\Boston Legal\Season 01\S1E02 - Still Crazy After All These Years.mkv has been re-encoded as \\pvr\Series\Boston Legal\Season 01\S1E02 - Still Crazy After All These Years_converted.mkv
Processing Time: 0 hours, 0 minutes, and 0 seconds. 


=======================
VideoFile FullName: \\pvr\Series\Boston Legal\Season 01\S1E03 - Catch And Release.mkv

HEVC: False

Converting file
Renaming Original file
Re-encoding file
[INFO] \\pvr\Series\Boston Legal\Season 01\S1E03 - Catch And Release.mkv has been re-encoded as \\pvr\Series\Boston Legal\Season 01\S1E03 - Catch And Release_converted.mkv
Processing Time: 0 hours, 0 minutes, and 0 seconds. 


=======================
VideoFile FullName: \\pvr\Series\Boston Legal\Season 01\S1E04 - Change of Course.mkv

HEVC: False

Converting file
Renaming Original file
Re-encoding file
[INFO] \\pvr\Series\Boston Legal\Season 01\S1E04 - Change of Course.mkv has been re-encoded as \\pvr\Series\Boston Legal\Season 01\S1E04 - Change of Course_converted.mkv
Processing Time: 0 hours, 0 minutes, and 0 seconds. 


=======================
VideoFile FullName: \\pvr\Series\Boston Legal\Season 01\S1E05 - An Eye For An Eye.mkv

HEVC: False

Converting file
Renaming Original file
Re-encoding file
[INFO] \\pvr\Series\Boston Legal\Season 01\S1E05 - An Eye For An Eye.mkv has been re-encoded as \\pvr\Series\Boston Legal\Season 01\S1E05 - An Eye For An Eye_converted.mkv
Processing Time: 0 hours, 0 minutes, and 0 seconds. 


=======================
VideoFile FullName: \\pvr\Series\Boston Legal\Season 01\S1E06 - Truth Be Told.mkv

HEVC: False

Converting file
Renaming Original file
Re-encoding file
[INFO] \\pvr\Series\Boston Legal\Season 01\S1E06 - Truth Be Told.mkv has been re-encoded as \\pvr\Series\Boston Legal\Season 01\S1E06 - Truth Be Told_converted.mkv
Processing Time: 0 hours, 0 minutes, and 0 seconds. 


=======================
VideoFile FullName: \\pvr\Series\Boston Legal\Season 01\S1E07 - Questionable Characters.mkv

HEVC: False

Converting file
Renaming Original file
Re-encoding file
[INFO] \\pvr\Series\Boston Legal\Season 01\S1E07 - Questionable Characters.mkv has been re-encoded as \\pvr\Series\Boston Legal\Season 01\S1E07 - Questionable Characters_converted.mkv
Processing Time: 0 hours, 0 minutes, and 0 seconds. 


=======================
VideoFile FullName: \\pvr\Series\Boston Legal\Season 01\S1E08 - Loose Lips.mkv

HEVC: False

Converting file
Renaming Original file
Re-encoding file
[INFO] \\pvr\Series\Boston Legal\Season 01\S1E08 - Loose Lips.mkv has been re-encoded as \\pvr\Series\Boston Legal\Season 01\S1E08 - Loose Lips_converted.mkv
Processing Time: 0 hours, 0 minutes, and 0 seconds. 


=======================
VideoFile FullName: \\pvr\Series\Boston Legal\Season 01\S1E09 - A Greater Good.mkv

HEVC: False

Converting file
Renaming Original file
Re-encoding file
[INFO] \\pvr\Series\Boston Legal\Season 01\S1E09 - A Greater Good.mkv has been re-encoded as \\pvr\Series\Boston Legal\Season 01\S1E09 - A Greater Good_converted.mkv
Processing Time: 0 hours, 0 minutes, and 0 seconds. 


=======================
VideoFile FullName: \\pvr\Series\Boston Legal\Season 01\S1E10 - Hired Guns.mkv

HEVC: False

Converting file
Renaming Original file
Re-encoding file
[INFO] \\pvr\Series\Boston Legal\Season 01\S1E10 - Hired Guns.mkv has been re-encoded as \\pvr\Series\Boston Legal\Season 01\S1E10 - Hired Guns_converted.mkv
Processing Time: 0 hours, 0 minutes, and 0 seconds. 


=======================
VideoFile FullName: \\pvr\Series\Boston Legal\Season 01\S1E11 - Schimdt Happens.mkv

HEVC: False

Converting file
Renaming Original file
Re-encoding file
[INFO] \\pvr\Series\Boston Legal\Season 01\S1E11 - Schimdt Happens.mkv has been re-encoded as \\pvr\Series\Boston Legal\Season 01\S1E11 - Schimdt Happens_converted.mkv
Processing Time: 0 hours, 0 minutes, and 0 seconds. 


=======================
VideoFile FullName: \\pvr\Series\Boston Legal\Season 01\S1E12 - From Whence We Came.mkv

HEVC: False

Converting file
Renaming Original file
Re-encoding file
[INFO] \\pvr\Series\Boston Legal\Season 01\S1E12 - From Whence We Came.mkv has been re-encoded as \\pvr\Series\Boston Legal\Season 01\S1E12 - From Whence We Came_converted.mkv
Processing Time: 0 hours, 0 minutes, and 0 seconds. 


=======================
VideoFile FullName: \\pvr\Series\Boston Legal\Season 01\S1E13 - It Girls And Beyond.mkv

HEVC: False

Converting file
Renaming Original file
Re-encoding file
[INFO] \\pvr\Series\Boston Legal\Season 01\S1E13 - It Girls And Beyond.mkv has been re-encoded as \\pvr\Series\Boston Legal\Season 01\S1E13 - It Girls And Beyond_converted.mkv
Processing Time: 0 hours, 0 minutes, and 0 seconds. 


=======================
VideoFile FullName: \\pvr\Series\Boston Legal\Season 01\S1E14 - 'Til We Meat Again.mkv

HEVC: False

Converting file
Renaming Original file
Re-encoding file
[INFO] \\pvr\Series\Boston Legal\Season 01\S1E14 - 'Til We Meat Again.mkv has been re-encoded as \\pvr\Series\Boston Legal\Season 01\S1E14 - 'Til We Meat Again_converted.mkv
Processing Time: 0 hours, 0 minutes, and 0 seconds. 


=======================
VideoFile FullName: \\pvr\Series\Boston Legal\Season 01\S1E15 - Tortured Souls.mkv

HEVC: False

Converting file
Renaming Original file
Re-encoding file
[INFO] \\pvr\Series\Boston Legal\Season 01\S1E15 - Tortured Souls.mkv has been re-encoded as \\pvr\Series\Boston Legal\Season 01\S1E15 - Tortured Souls_converted.mkv
Processing Time: 0 hours, 0 minutes, and 0 seconds. 


=======================
VideoFile FullName: \\pvr\Series\Boston Legal\Season 01\S1E16 - Let Sales Ring.mkv

HEVC: False

Converting file
Renaming Original file
Re-encoding file
[INFO] \\pvr\Series\Boston Legal\Season 01\S1E16 - Let Sales Ring.mkv has been re-encoded as \\pvr\Series\Boston Legal\Season 01\S1E16 - Let Sales Ring_converted.mkv
Processing Time: 0 hours, 0 minutes, and 0 seconds. 


=======================
VideoFile FullName: \\pvr\Series\Boston Legal\Season 01\S1E17 - Death Not Be Proud.mkv

HEVC: False

Converting file
Renaming Original file
Re-encoding file
[INFO] \\pvr\Series\Boston Legal\Season 01\S1E17 - Death Not Be Proud.mkv has been re-encoded as \\pvr\Series\Boston Legal\Season 01\S1E17 - Death Not Be Proud_converted.mkv
Processing Time: 0 hours, 0 minutes, and 0 seconds. 


=======================
VideoFile FullName: \\pvr\Series\Boston Legal\Season 02\S2E01 - The Black Widow.mkv

HEVC: False

Converting file
Renaming Original file
Re-encoding file
[INFO] \\pvr\Series\Boston Legal\Season 02\S2E01 - The Black Widow.mkv has been re-encoded as \\pvr\Series\Boston Legal\Season 02\S2E01 - The Black Widow_converted.mkv
Processing Time: 0 hours, 0 minutes, and 0 seconds. 


=======================
VideoFile FullName: \\pvr\Series\Boston Legal\Season 02\S2E02 - Schadenfreude.mkv

HEVC: False

Converting file
Renaming Original file
Re-encoding file
[INFO] \\pvr\Series\Boston Legal\Season 02\S2E02 - Schadenfreude.mkv has been re-encoded as \\pvr\Series\Boston Legal\Season 02\S2E02 - Schadenfreude_converted.mkv
Processing Time: 0 hours, 0 minutes, and 0 seconds. 


=======================
VideoFile FullName: \\pvr\Series\Boston Legal\Season 02\S2E03 - Finding Nimmo.mkv

HEVC: False

Converting file
Renaming Original file
Re-encoding file
[INFO] \\pvr\Series\Boston Legal\Season 02\S2E03 - Finding Nimmo.mkv has been re-encoded as \\pvr\Series\Boston Legal\Season 02\S2E03 - Finding Nimmo_converted.mkv
Processing Time: 0 hours, 0 minutes, and 0 seconds. 


=======================
VideoFile FullName: \\pvr\Series\Boston Legal\Season 02\S2E04 - A Whiff And A Prayer.mkv

HEVC: False

Converting file
Renaming Original file
Re-encoding file
[INFO] \\pvr\Series\Boston Legal\Season 02\S2E04 - A Whiff And A Prayer.mkv has been re-encoded as \\pvr\Series\Boston Legal\Season 02\S2E04 - A Whiff And A Prayer_converted.mkv
Processing Time: 0 hours, 0 minutes, and 0 seconds. 


=======================
VideoFile FullName: \\pvr\Series\Boston Legal\Season 02\S2E05 - Men To Boys.mkv

HEVC: False

Converting file
Renaming Original file
Re-encoding file
[INFO] \\pvr\Series\Boston Legal\Season 02\S2E05 - Men To Boys.mkv has been re-encoded as \\pvr\Series\Boston Legal\Season 02\S2E05 - Men To Boys_converted.mkv
Processing Time: 0 hours, 0 minutes, and 0 seconds. 


=======================
VideoFile FullName: \\pvr\Series\Boston Legal\Season 02\S2E06 - Witches Of Mass Destruction.mkv

HEVC: False

Converting file
Renaming Original file
Re-encoding file
[INFO] \\pvr\Series\Boston Legal\Season 02\S2E06 - Witches Of Mass Destruction.mkv has been re-encoded as \\pvr\Series\Boston Legal\Season 02\S2E06 - Witches Of Mass Destruction_converted.mkv
Processing Time: 0 hours, 0 minutes, and 0 seconds. 


=======================
VideoFile FullName: \\pvr\Series\Boston Legal\Season 02\S2E07 - Truly, Madly, Deeply.mkv

HEVC: False

Converting file
Renaming Original file
Re-encoding file
[INFO] \\pvr\Series\Boston Legal\Season 02\S2E07 - Truly, Madly, Deeply.mkv has been re-encoded as \\pvr\Series\Boston Legal\Season 02\S2E07 - Truly, Madly, Deeply_converted.mkv
Processing Time: 0 hours, 0 minutes, and 0 seconds. 


=======================
VideoFile FullName: \\pvr\Series\Boston Legal\Season 02\S2E08 - The Ass Fat Jungle.mkv

HEVC: False

Converting file
Renaming Original file
Re-encoding file
[INFO] \\pvr\Series\Boston Legal\Season 02\S2E08 - The Ass Fat Jungle.mkv has been re-encoded as \\pvr\Series\Boston Legal\Season 02\S2E08 - The Ass Fat Jungle_converted.mkv
Processing Time: 0 hours, 0 minutes, and 0 seconds. 


=======================
VideoFile FullName: \\pvr\Series\Boston Legal\Season 02\S2E09 - Gone.mkv

HEVC: False

Converting file
Renaming Original file
Re-encoding file
[INFO] \\pvr\Series\Boston Legal\Season 02\S2E09 - Gone.mkv has been re-encoded as \\pvr\Series\Boston Legal\Season 02\S2E09 - Gone_converted.mkv
Processing Time: 0 hours, 0 minutes, and 0 seconds. 


=======================
VideoFile FullName: \\pvr\Series\Boston Legal\Season 02\S2E10 - Legal Deficits.mkv

HEVC: False

Converting file
Renaming Original file
Re-encoding file
[INFO] \\pvr\Series\Boston Legal\Season 02\S2E10 - Legal Deficits.mkv has been re-encoded as \\pvr\Series\Boston Legal\Season 02\S2E10 - Legal Deficits_converted.mkv
Processing Time: 0 hours, 0 minutes, and 0 seconds. 


=======================
VideoFile FullName: \\pvr\Series\Boston Legal\Season 02\S2E11 - The Cancer Man Can.mkv

HEVC: False

Converting file
Renaming Original file
Re-encoding file
[INFO] \\pvr\Series\Boston Legal\Season 02\S2E11 - The Cancer Man Can.mkv has been re-encoded as \\pvr\Series\Boston Legal\Season 02\S2E11 - The Cancer Man Can_converted.mkv
Processing Time: 0 hours, 0 minutes, and 0 seconds. 


=======================
VideoFile FullName: \\pvr\Series\Boston Legal\Season 02\S2E12 - Helping Hands.mkv

HEVC: False

Converting file
Renaming Original file
Re-encoding file
[INFO] \\pvr\Series\Boston Legal\Season 02\S2E12 - Helping Hands.mkv has been re-encoded as \\pvr\Series\Boston Legal\Season 02\S2E12 - Helping Hands_converted.mkv
Processing Time: 0 hours, 0 minutes, and 0 seconds. 


=======================
VideoFile FullName: \\pvr\Series\Boston Legal\Season 02\S2E13 - Too Much Information.mkv

HEVC: False

Converting file
Renaming Original file
Re-encoding file
[INFO] \\pvr\Series\Boston Legal\Season 02\S2E13 - Too Much Information.mkv has been re-encoded as \\pvr\Series\Boston Legal\Season 02\S2E13 - Too Much Information_converted.mkv
Processing Time: 0 hours, 0 minutes, and 0 seconds. 


=======================
VideoFile FullName: \\pvr\Series\Boston Legal\Season 02\S2E14 - Breast In Show.mkv

HEVC: False

Converting file
Renaming Original file
Re-encoding file
[INFO] \\pvr\Series\Boston Legal\Season 02\S2E14 - Breast In Show.mkv has been re-encoded as \\pvr\Series\Boston Legal\Season 02\S2E14 - Breast In Show_converted.mkv
Processing Time: 0 hours, 0 minutes, and 0 seconds. 


=======================
VideoFile FullName: \\pvr\Series\Boston Legal\Season 02\S2E15 - Smile.mkv

HEVC: False

Converting file
Renaming Original file
Re-encoding file
[INFO] \\pvr\Series\Boston Legal\Season 02\S2E15 - Smile.mkv has been re-encoded as \\pvr\Series\Boston Legal\Season 02\S2E15 - Smile_converted.mkv
Processing Time: 0 hours, 0 minutes, and 0 seconds. 


=======================
VideoFile FullName: \\pvr\Series\Boston Legal\Season 02\S2E16 - Live Big.mkv

HEVC: False

Converting file
Renaming Original file
Re-encoding file
[INFO] \\pvr\Series\Boston Legal\Season 02\S2E16 - Live Big.mkv has been re-encoded as \\pvr\Series\Boston Legal\Season 02\S2E16 - Live Big_converted.mkv
Processing Time: 0 hours, 0 minutes, and 0 seconds. 


=======================
VideoFile FullName: \\pvr\Series\Boston Legal\Season 02\S2E17 - There's Fire.mkv

HEVC: False

Converting file
Renaming Original file
Re-encoding file
[INFO] \\pvr\Series\Boston Legal\Season 02\S2E17 - There's Fire.mkv has been re-encoded as \\pvr\Series\Boston Legal\Season 02\S2E17 - There's Fire_converted.mkv
Processing Time: 0 hours, 0 minutes, and 0 seconds. 


=======================
VideoFile FullName: \\pvr\Series\Boston Legal\Season 02\S2E18 - Shock and Oww.mkv

HEVC: False

Converting file
Renaming Original file
Re-encoding file
[INFO] \\pvr\Series\Boston Legal\Season 02\S2E18 - Shock and Oww.mkv has been re-encoded as \\pvr\Series\Boston Legal\Season 02\S2E18 - Shock and Oww_converted.mkv
Processing Time: 0 hours, 0 minutes, and 0 seconds. 


=======================
VideoFile FullName: \\pvr\Series\Boston Legal\Season 02\S2E19 - Stick It.mkv

HEVC: False

Converting file
Renaming Original file
Re-encoding file
[INFO] \\pvr\Series\Boston Legal\Season 02\S2E19 - Stick It.mkv has been re-encoded as \\pvr\Series\Boston Legal\Season 02\S2E19 - Stick It_converted.mkv
Processing Time: 0 hours, 0 minutes, and 0 seconds. 


=======================
VideoFile FullName: \\pvr\Series\Boston Legal\Season 02\S2E20 - Chitty Chitty Bang Bang.mkv

HEVC: False

Converting file
Renaming Original file
Re-encoding file
[INFO] \\pvr\Series\Boston Legal\Season 02\S2E20 - Chitty Chitty Bang Bang.mkv has been re-encoded as \\pvr\Series\Boston Legal\Season 02\S2E20 - Chitty Chitty Bang Bang_converted.mkv
Processing Time: 0 hours, 0 minutes, and 0 seconds. 


=======================
VideoFile FullName: \\pvr\Series\Boston Legal\Season 02\S2E21 - Word Salad Day.mkv

HEVC: False

Converting file
Renaming Original file
Re-encoding file
[INFO] \\pvr\Series\Boston Legal\Season 02\S2E21 - Word Salad Day.mkv has been re-encoded as \\pvr\Series\Boston Legal\Season 02\S2E21 - Word Salad Day_converted.mkv
Processing Time: 0 hours, 0 minutes, and 0 seconds. 


=======================
VideoFile FullName: \\pvr\Series\Boston Legal\Season 02\S2E22 - Ivan the Incorrigible.mkv

HEVC: False

Converting file
Renaming Original file
Re-encoding file
[INFO] \\pvr\Series\Boston Legal\Season 02\S2E22 - Ivan the Incorrigible.mkv has been re-encoded as \\pvr\Series\Boston Legal\Season 02\S2E22 - Ivan the Incorrigible_converted.mkv
Processing Time: 0 hours, 0 minutes, and 0 seconds. 


=======================
VideoFile FullName: \\pvr\Series\Boston Legal\Season 02\S2E23 - Race Ipsa.mkv

HEVC: False

Converting file
Renaming Original file
Re-encoding file
[INFO] \\pvr\Series\Boston Legal\Season 02\S2E23 - Race Ipsa.mkv has been re-encoded as \\pvr\Series\Boston Legal\Season 02\S2E23 - Race Ipsa_converted.mkv
Processing Time: 0 hours, 0 minutes, and 0 seconds. 


=======================
VideoFile FullName: \\pvr\Series\Boston Legal\Season 02\S2E24 - Deep End of the Poole.mkv

HEVC: False
